
> orquel@0.1.0 build /Users/0xkoller/orquel/packages/orquel
> tsup

▲ [WARNING] The condition "types" here will never be used as it comes after both "import" and "require" [package.json]

    package.json:15:6:
      15 │       "types": "./dist/index.d.ts"
         ╵       ~~~~~~~

  The "import" condition comes earlier and will be used for all "import" statements:

    package.json:13:6:
      13 │       "import": "./dist/index.js",
         ╵       ~~~~~~~~

  The "require" condition comes earlier and will be used for all "require" calls:

    package.json:14:6:
      14 │       "require": "./dist/index.cjs",
         ╵       ~~~~~~~~~

CLI Building entry: src/index.ts
CLI Using tsconfig: tsconfig.json
CLI tsup v8.5.0
CLI Using tsup config: /Users/0xkoller/orquel/packages/orquel/tsup.config.ts
CLI Building entry: src/cli.ts
CLI Using tsconfig: tsconfig.json
CLI tsup v8.5.0
CLI Using tsup config: /Users/0xkoller/orquel/packages/orquel/tsup.config.ts
CLI Building entry: src/postinstall.ts
CLI Using tsconfig: tsconfig.json
CLI tsup v8.5.0
CLI Using tsup config: /Users/0xkoller/orquel/packages/orquel/tsup.config.ts
CLI Target: es2022
CLI Target: es2022
ESM Build start
CLI Target: es2022
ESM Build start
CLI Cleaning output folder
ESM Build start
CJS Build start

 WARN  [33m▲ [43;33m[[43;30mWARNING[43;33m][0m [1mThe condition "types" here will never be used as it comes after both "import" and "require"[0m [package.json]

    package.json:15:6:
[37m      15 │       [32m"types"[37m: "./dist/index.d.ts"
         ╵       [32m~~~~~~~[0m

  The "import" condition comes earlier and will be used for all "import" statements:

    package.json:13:6:
[37m      13 │       [32m"import"[37m: "./dist/index.js",
         ╵       [32m~~~~~~~~[0m

  The "require" condition comes earlier and will be used for all "require" calls:

    package.json:14:6:
[37m      14 │       [32m"require"[37m: "./dist/index.cjs",
         ╵       [32m~~~~~~~~~[0m




 WARN  [33m▲ [43;33m[[43;30mWARNING[43;33m][0m [1mThe condition "types" here will never be used as it comes after both "import" and "require"[0m [package.json]

    package.json:15:6:
[37m      15 │       [32m"types"[37m: "./dist/index.d.ts"
         ╵       [32m~~~~~~~[0m

  The "import" condition comes earlier and will be used for all "import" statements:

    package.json:13:6:
[37m      13 │       [32m"import"[37m: "./dist/index.js",
         ╵       [32m~~~~~~~~[0m

  The "require" condition comes earlier and will be used for all "require" calls:

    package.json:14:6:
[37m      14 │       [32m"require"[37m: "./dist/index.cjs",
         ╵       [32m~~~~~~~~~[0m




 WARN  [33m▲ [43;33m[[43;30mWARNING[43;33m][0m [1mThe condition "types" here will never be used as it comes after both "import" and "require"[0m [package.json]

    package.json:15:6:
[37m      15 │       [32m"types"[37m: "./dist/index.d.ts"
         ╵       [32m~~~~~~~[0m

  The "import" condition comes earlier and will be used for all "import" statements:

    package.json:13:6:
[37m      13 │       [32m"import"[37m: "./dist/index.js",
         ╵       [32m~~~~~~~~[0m

  The "require" condition comes earlier and will be used for all "require" calls:

    package.json:14:6:
[37m      14 │       [32m"require"[37m: "./dist/index.cjs",
         ╵       [32m~~~~~~~~~[0m




 WARN  [33m▲ [43;33m[[43;30mWARNING[43;33m][0m [1mThe condition "types" here will never be used as it comes after both "import" and "require"[0m [package.json]

    package.json:15:6:
[37m      15 │       [32m"types"[37m: "./dist/index.d.ts"
         ╵       [32m~~~~~~~[0m

  The "import" condition comes earlier and will be used for all "import" statements:

    package.json:13:6:
[37m      13 │       [32m"import"[37m: "./dist/index.js",
         ╵       [32m~~~~~~~~[0m

  The "require" condition comes earlier and will be used for all "require" calls:

    package.json:14:6:
[37m      14 │       [32m"require"[37m: "./dist/index.cjs",
         ╵       [32m~~~~~~~~~[0m



ESM dist/index.js     79.00 B
ESM dist/index.js.map 130.00 B
ESM ⚡️ Build success in 43ms
CJS dist/index.cjs     1.10 KB
CJS dist/index.cjs.map 163.00 B
CJS ⚡️ Build success in 44ms
ESM dist/cli.js     5.16 KB
ESM dist/cli.js.map 8.88 KB
ESM ⚡️ Build success in 55ms
ESM dist/postinstall.js     5.33 KB
ESM dist/postinstall.js.map 9.18 KB
ESM ⚡️ Build success in 54ms
DTS Build start
