
> @orquel/core@0.1.0 build /Users/0xkoller/orquel/packages/core
> tsup

CLI Building entry: src/index.ts
CLI Using tsconfig: tsconfig.json
CLI tsup v8.5.0
CLI Using tsup config: /Users/0xkoller/orquel/packages/core/tsup.config.ts
CLI Target: es2022
CLI Cleaning output folder
ESM Build start
CJS Build start
ESM dist/index.js     44.56 KB
ESM dist/index.js.map 86.13 KB
ESM ⚡️ Build success in 15ms
CJS dist/index.cjs     46.43 KB
CJS dist/index.cjs.map 86.48 KB
CJS ⚡️ Build success in 16ms
DTS Build start
DTS ⚡️ Build success in 678ms
DTS dist/index.d.ts  23.17 KB
DTS dist/index.d.cts 23.17 KB
